{"/Users/a.malyuta/projects/form/src/field.ts": {"path":"/Users/a.malyuta/projects/form/src/field.ts","statementMap":{"0":{"start":{"line":7,"column":15},"end":{"line":7,"column":17}},"1":{"start":{"line":8,"column":21},"end":{"line":8,"column":26}},"2":{"start":{"line":9,"column":10},"end":{"line":9,"column":12}},"3":{"start":{"line":10,"column":9},"end":{"line":10,"column":11}},"4":{"start":{"line":11,"column":24},"end":{"line":11,"column":28}},"5":{"start":{"line":12,"column":26},"end":{"line":12,"column":28}},"6":{"start":{"line":27,"column":4},"end":{"line":27,"column":27}},"7":{"start":{"line":28,"column":4},"end":{"line":28,"column":21}},"8":{"start":{"line":29,"column":4},"end":{"line":29,"column":23}},"9":{"start":{"line":30,"column":4},"end":{"line":30,"column":27}},"10":{"start":{"line":31,"column":4},"end":{"line":31,"column":23}},"11":{"start":{"line":35,"column":4},"end":{"line":35,"column":23}},"12":{"start":{"line":36,"column":4},"end":{"line":36,"column":28}},"13":{"start":{"line":40,"column":4},"end":{"line":40,"column":27}},"14":{"start":{"line":41,"column":4},"end":{"line":41,"column":28}},"15":{"start":{"line":45,"column":4},"end":{"line":45,"column":23}},"16":{"start":{"line":46,"column":4},"end":{"line":46,"column":28}},"17":{"start":{"line":50,"column":24},"end":{"line":50,"column":71}},"18":{"start":{"line":51,"column":4},"end":{"line":53,"column":5}},"19":{"start":{"line":52,"column":6},"end":{"line":52,"column":18}},"20":{"start":{"line":54,"column":4},"end":{"line":61,"column":5}},"21":{"start":{"line":55,"column":6},"end":{"line":55,"column":45}},"22":{"start":{"line":56,"column":6},"end":{"line":56,"column":24}},"23":{"start":{"line":57,"column":6},"end":{"line":57,"column":18}},"24":{"start":{"line":59,"column":6},"end":{"line":59,"column":37}},"25":{"start":{"line":60,"column":6},"end":{"line":60,"column":19}},"26":{"start":{"line":64,"column":13},"end":{"line":70,"column":3}},"27":{"start":{"line":65,"column":4},"end":{"line":65,"column":33}},"28":{"start":{"line":67,"column":4},"end":{"line":69,"column":5}},"29":{"start":{"line":68,"column":6},"end":{"line":68,"column":22}},"30":{"start":{"line":72,"column":11},"end":{"line":78,"column":3}},"31":{"start":{"line":73,"column":4},"end":{"line":73,"column":26}},"32":{"start":{"line":75,"column":4},"end":{"line":77,"column":5}},"33":{"start":{"line":76,"column":6},"end":{"line":76,"column":22}},"34":{"start":{"line":80,"column":18},"end":{"line":87,"column":3}},"35":{"start":{"line":81,"column":4},"end":{"line":86,"column":6}},"36":{"start":{"line":89,"column":19},"end":{"line":107,"column":3}},"37":{"start":{"line":90,"column":4},"end":{"line":106,"column":6}},"38":{"start":{"line":94,"column":8},"end":{"line":94,"column":27}},"39":{"start":{"line":95,"column":8},"end":{"line":95,"column":28}},"40":{"start":{"line":96,"column":8},"end":{"line":96,"column":32}},"41":{"start":{"line":98,"column":8},"end":{"line":103,"column":9}},"42":{"start":{"line":102,"column":10},"end":{"line":102,"column":26}},"43":{"start":{"line":110,"column":4},"end":{"line":112,"column":7}},"44":{"start":{"line":111,"column":6},"end":{"line":111,"column":59}},"45":{"start":{"line":111,"column":43},"end":{"line":111,"column":57}}},"fnMap":{"0":{"name":"(anonymous_0)","decl":{"start":{"line":14,"column":2},"end":{"line":14,"column":3}},"loc":{"start":{"line":26,"column":5},"end":{"line":32,"column":3}},"line":26},"1":{"name":"(anonymous_1)","decl":{"start":{"line":34,"column":2},"end":{"line":34,"column":3}},"loc":{"start":{"line":34,"column":26},"end":{"line":37,"column":3}},"line":34},"2":{"name":"(anonymous_2)","decl":{"start":{"line":39,"column":2},"end":{"line":39,"column":3}},"loc":{"start":{"line":39,"column":31},"end":{"line":42,"column":3}},"line":39},"3":{"name":"(anonymous_3)","decl":{"start":{"line":44,"column":2},"end":{"line":44,"column":3}},"loc":{"start":{"line":44,"column":18},"end":{"line":47,"column":3}},"line":44},"4":{"name":"(anonymous_4)","decl":{"start":{"line":49,"column":2},"end":{"line":49,"column":3}},"loc":{"start":{"line":49,"column":37},"end":{"line":62,"column":3}},"line":49},"5":{"name":"(anonymous_5)","decl":{"start":{"line":64,"column":13},"end":{"line":64,"column":14}},"loc":{"start":{"line":64,"column":51},"end":{"line":70,"column":3}},"line":64},"6":{"name":"(anonymous_6)","decl":{"start":{"line":72,"column":11},"end":{"line":72,"column":12}},"loc":{"start":{"line":72,"column":17},"end":{"line":78,"column":3}},"line":72},"7":{"name":"(anonymous_7)","decl":{"start":{"line":80,"column":18},"end":{"line":80,"column":19}},"loc":{"start":{"line":80,"column":24},"end":{"line":87,"column":3}},"line":80},"8":{"name":"(anonymous_8)","decl":{"start":{"line":89,"column":19},"end":{"line":89,"column":20}},"loc":{"start":{"line":89,"column":25},"end":{"line":107,"column":3}},"line":89},"9":{"name":"(anonymous_9)","decl":{"start":{"line":93,"column":16},"end":{"line":93,"column":17}},"loc":{"start":{"line":93,"column":27},"end":{"line":104,"column":7}},"line":93},"10":{"name":"(anonymous_10)","decl":{"start":{"line":109,"column":2},"end":{"line":109,"column":3}},"loc":{"start":{"line":109,"column":21},"end":{"line":113,"column":3}},"line":109},"11":{"name":"(anonymous_11)","decl":{"start":{"line":110,"column":10},"end":{"line":110,"column":11}},"loc":{"start":{"line":110,"column":16},"end":{"line":112,"column":5}},"line":110},"12":{"name":"(anonymous_12)","decl":{"start":{"line":111,"column":29},"end":{"line":111,"column":30}},"loc":{"start":{"line":111,"column":43},"end":{"line":111,"column":57}},"line":111}},"branchMap":{"0":{"loc":{"start":{"line":16,"column":4},"end":{"line":16,"column":14}},"type":"default-arg","locations":[{"start":{"line":16,"column":12},"end":{"line":16,"column":14}}],"line":16},"1":{"loc":{"start":{"line":17,"column":4},"end":{"line":17,"column":19}},"type":"default-arg","locations":[{"start":{"line":17,"column":14},"end":{"line":17,"column":19}}],"line":17},"2":{"loc":{"start":{"line":18,"column":4},"end":{"line":18,"column":14}},"type":"default-arg","locations":[{"start":{"line":18,"column":12},"end":{"line":18,"column":14}}],"line":18},"3":{"loc":{"start":{"line":51,"column":4},"end":{"line":53,"column":5}},"type":"if","locations":[{"start":{"line":51,"column":4},"end":{"line":53,"column":5}},{"start":{},"end":{}}],"line":51},"4":{"loc":{"start":{"line":67,"column":4},"end":{"line":69,"column":5}},"type":"if","locations":[{"start":{"line":67,"column":4},"end":{"line":69,"column":5}},{"start":{},"end":{}}],"line":67},"5":{"loc":{"start":{"line":75,"column":4},"end":{"line":77,"column":5}},"type":"if","locations":[{"start":{"line":75,"column":4},"end":{"line":77,"column":5}},{"start":{},"end":{}}],"line":75},"6":{"loc":{"start":{"line":98,"column":8},"end":{"line":103,"column":9}},"type":"if","locations":[{"start":{"line":98,"column":8},"end":{"line":103,"column":9}},{"start":{},"end":{}}],"line":98},"7":{"loc":{"start":{"line":99,"column":10},"end":{"line":100,"column":47}},"type":"binary-expr","locations":[{"start":{"line":99,"column":10},"end":{"line":99,"column":49}},{"start":{"line":100,"column":10},"end":{"line":100,"column":47}}],"line":99}},"s":{"0":49,"1":49,"2":49,"3":49,"4":49,"5":49,"6":49,"7":49,"8":49,"9":49,"10":49,"11":20,"12":20,"13":6,"14":6,"15":8,"16":8,"17":19,"18":19,"19":2,"20":17,"21":17,"22":8,"23":8,"24":9,"25":9,"26":49,"27":3,"28":3,"29":2,"30":49,"31":3,"32":3,"33":3,"34":49,"35":0,"36":49,"37":0,"38":0,"39":0,"40":0,"41":0,"42":0,"43":52,"44":52,"45":12},"f":{"0":49,"1":20,"2":6,"3":8,"4":19,"5":3,"6":3,"7":0,"8":0,"9":0,"10":52,"11":52,"12":12},"b":{"0":[0],"1":[48],"2":[48],"3":[2,17],"4":[2,1],"5":[3,0],"6":[0,0],"7":[0,0]},"_coverageSchema":"1a1c01bbd47fc00a2c39e90264f33305004495a9","hash":"fd16be8ab6fa0dbe91c5e15e7fc82f20561f0773"}
,"/Users/a.malyuta/projects/form/src/form-proxy.ts": {"path":"/Users/a.malyuta/projects/form/src/form-proxy.ts","statementMap":{"0":{"start":{"line":5,"column":4},"end":{"line":7,"column":5}},"1":{"start":{"line":6,"column":6},"end":{"line":6,"column":80}},"2":{"start":{"line":10,"column":2},"end":{"line":36,"column":5}},"3":{"start":{"line":12,"column":6},"end":{"line":19,"column":7}},"4":{"start":{"line":13,"column":8},"end":{"line":18,"column":11}},"5":{"start":{"line":15,"column":12},"end":{"line":15,"column":36}},"6":{"start":{"line":16,"column":12},"end":{"line":16,"column":59}},"7":{"start":{"line":20,"column":6},"end":{"line":33,"column":7}},"8":{"start":{"line":25,"column":8},"end":{"line":32,"column":11}},"9":{"start":{"line":27,"column":12},"end":{"line":29,"column":13}},"10":{"start":{"line":28,"column":14},"end":{"line":28,"column":34}},"11":{"start":{"line":30,"column":12},"end":{"line":30,"column":56}},"12":{"start":{"line":34,"column":6},"end":{"line":34,"column":53}}},"fnMap":{"0":{"name":"createFormProxy","decl":{"start":{"line":3,"column":16},"end":{"line":3,"column":31}},"loc":{"start":{"line":3,"column":60},"end":{"line":37,"column":1}},"line":3},"1":{"name":"checkAndThrow","decl":{"start":{"line":4,"column":11},"end":{"line":4,"column":24}},"loc":{"start":{"line":4,"column":35},"end":{"line":8,"column":3}},"line":4},"2":{"name":"(anonymous_2)","decl":{"start":{"line":11,"column":4},"end":{"line":11,"column":5}},"loc":{"start":{"line":11,"column":36},"end":{"line":35,"column":5}},"line":11},"3":{"name":"(anonymous_3)","decl":{"start":{"line":14,"column":10},"end":{"line":14,"column":11}},"loc":{"start":{"line":14,"column":32},"end":{"line":17,"column":11}},"line":14},"4":{"name":"(anonymous_4)","decl":{"start":{"line":26,"column":10},"end":{"line":26,"column":11}},"loc":{"start":{"line":26,"column":39},"end":{"line":31,"column":11}},"line":26}},"branchMap":{"0":{"loc":{"start":{"line":5,"column":4},"end":{"line":7,"column":5}},"type":"if","locations":[{"start":{"line":5,"column":4},"end":{"line":7,"column":5}},{"start":{},"end":{}}],"line":5},"1":{"loc":{"start":{"line":5,"column":8},"end":{"line":5,"column":53}},"type":"binary-expr","locations":[{"start":{"line":5,"column":8},"end":{"line":5,"column":25}},{"start":{"line":5,"column":29},"end":{"line":5,"column":53}}],"line":5},"2":{"loc":{"start":{"line":12,"column":6},"end":{"line":19,"column":7}},"type":"if","locations":[{"start":{"line":12,"column":6},"end":{"line":19,"column":7}},{"start":{},"end":{}}],"line":12},"3":{"loc":{"start":{"line":12,"column":10},"end":{"line":12,"column":51}},"type":"binary-expr","locations":[{"start":{"line":12,"column":10},"end":{"line":12,"column":31}},{"start":{"line":12,"column":35},"end":{"line":12,"column":51}}],"line":12},"4":{"loc":{"start":{"line":20,"column":6},"end":{"line":33,"column":7}},"type":"if","locations":[{"start":{"line":20,"column":6},"end":{"line":33,"column":7}},{"start":{},"end":{}}],"line":20},"5":{"loc":{"start":{"line":21,"column":8},"end":{"line":23,"column":33}},"type":"binary-expr","locations":[{"start":{"line":21,"column":8},"end":{"line":21,"column":32}},{"start":{"line":22,"column":8},"end":{"line":22,"column":32}},{"start":{"line":23,"column":8},"end":{"line":23,"column":33}}],"line":21}},"s":{"0":8,"1":4,"2":5,"3":8,"4":5,"5":5,"6":4,"7":3,"8":3,"9":3,"10":3,"11":0,"12":0},"f":{"0":5,"1":8,"2":8,"3":5,"4":3},"b":{"0":[4,4],"1":[8,8],"2":[5,3],"3":[8,3],"4":[3,0],"5":[3,2,1]},"_coverageSchema":"1a1c01bbd47fc00a2c39e90264f33305004495a9","hash":"0715065b3d16ed74a558e198aaafff9a78ec01ef"}
,"/Users/a.malyuta/projects/form/src/form.ts": {"path":"/Users/a.malyuta/projects/form/src/form.ts","statementMap":{"0":{"start":{"line":18,"column":21},"end":{"line":21,"column":3}},"1":{"start":{"line":22,"column":34},"end":{"line":22,"column":36}},"2":{"start":{"line":23,"column":29},"end":{"line":23,"column":33}},"3":{"start":{"line":24,"column":19},"end":{"line":24,"column":23}},"4":{"start":{"line":25,"column":35},"end":{"line":25,"column":39}},"5":{"start":{"line":26,"column":32},"end":{"line":26,"column":34}},"6":{"start":{"line":27,"column":24},"end":{"line":29,"column":3}},"7":{"start":{"line":28,"column":4},"end":{"line":28,"column":76}},"8":{"start":{"line":28,"column":53},"end":{"line":28,"column":74}},"9":{"start":{"line":30,"column":36},"end":{"line":30,"column":40}},"10":{"start":{"line":33,"column":4},"end":{"line":35,"column":5}},"11":{"start":{"line":34,"column":6},"end":{"line":34,"column":32}},"12":{"start":{"line":39,"column":4},"end":{"line":43,"column":5}},"13":{"start":{"line":40,"column":6},"end":{"line":42,"column":9}},"14":{"start":{"line":41,"column":8},"end":{"line":41,"column":55}},"15":{"start":{"line":44,"column":4},"end":{"line":44,"column":40}},"16":{"start":{"line":48,"column":4},"end":{"line":50,"column":6}},"17":{"start":{"line":49,"column":26},"end":{"line":49,"column":53}},"18":{"start":{"line":51,"column":4},"end":{"line":57,"column":5}},"19":{"start":{"line":52,"column":6},"end":{"line":56,"column":9}},"20":{"start":{"line":53,"column":8},"end":{"line":55,"column":10}},"21":{"start":{"line":54,"column":29},"end":{"line":54,"column":71}},"22":{"start":{"line":61,"column":4},"end":{"line":61,"column":30}},"23":{"start":{"line":63,"column":4},"end":{"line":65,"column":5}},"24":{"start":{"line":64,"column":6},"end":{"line":64,"column":65}},"25":{"start":{"line":69,"column":4},"end":{"line":77,"column":5}},"26":{"start":{"line":70,"column":6},"end":{"line":76,"column":8}},"27":{"start":{"line":74,"column":25},"end":{"line":74,"column":29}},"28":{"start":{"line":78,"column":4},"end":{"line":78,"column":29}},"29":{"start":{"line":82,"column":4},"end":{"line":86,"column":7}},"30":{"start":{"line":83,"column":6},"end":{"line":85,"column":9}},"31":{"start":{"line":84,"column":8},"end":{"line":84,"column":33}},"32":{"start":{"line":90,"column":4},"end":{"line":90,"column":25}},"33":{"start":{"line":91,"column":4},"end":{"line":93,"column":6}},"34":{"start":{"line":94,"column":4},"end":{"line":94,"column":55}},"35":{"start":{"line":95,"column":4},"end":{"line":95,"column":53}},"36":{"start":{"line":96,"column":4},"end":{"line":96,"column":45}},"37":{"start":{"line":98,"column":4},"end":{"line":107,"column":5}},"38":{"start":{"line":99,"column":6},"end":{"line":106,"column":8}},"39":{"start":{"line":104,"column":25},"end":{"line":104,"column":29}},"40":{"start":{"line":109,"column":4},"end":{"line":111,"column":5}},"41":{"start":{"line":110,"column":6},"end":{"line":110,"column":38}},"42":{"start":{"line":113,"column":4},"end":{"line":115,"column":5}},"43":{"start":{"line":114,"column":6},"end":{"line":114,"column":22}},"44":{"start":{"line":119,"column":16},"end":{"line":119,"column":21}},"45":{"start":{"line":120,"column":4},"end":{"line":126,"column":5}},"46":{"start":{"line":121,"column":20},"end":{"line":121,"column":43}},"47":{"start":{"line":122,"column":25},"end":{"line":122,"column":47}},"48":{"start":{"line":123,"column":6},"end":{"line":125,"column":7}},"49":{"start":{"line":124,"column":8},"end":{"line":124,"column":21}},"50":{"start":{"line":127,"column":4},"end":{"line":127,"column":18}},"51":{"start":{"line":130,"column":11},"end":{"line":135,"column":3}},"52":{"start":{"line":131,"column":22},"end":{"line":131,"column":43}},"53":{"start":{"line":132,"column":4},"end":{"line":134,"column":5}},"54":{"start":{"line":133,"column":6},"end":{"line":133,"column":26}},"55":{"start":{"line":138,"column":4},"end":{"line":143,"column":7}},"56":{"start":{"line":139,"column":6},"end":{"line":140,"column":73}},"57":{"start":{"line":141,"column":6},"end":{"line":141,"column":23}},"58":{"start":{"line":142,"column":6},"end":{"line":142,"column":28}},"59":{"start":{"line":145,"column":4},"end":{"line":145,"column":25}},"60":{"start":{"line":149,"column":4},"end":{"line":155,"column":7}},"61":{"start":{"line":150,"column":6},"end":{"line":154,"column":7}},"62":{"start":{"line":151,"column":22},"end":{"line":151,"column":45}},"63":{"start":{"line":152,"column":8},"end":{"line":152,"column":39}},"64":{"start":{"line":153,"column":8},"end":{"line":153,"column":33}},"65":{"start":{"line":159,"column":4},"end":{"line":159,"column":42}},"66":{"start":{"line":163,"column":4},"end":{"line":163,"column":51}},"67":{"start":{"line":167,"column":4},"end":{"line":167,"column":47}},"68":{"start":{"line":171,"column":4},"end":{"line":177,"column":7}},"69":{"start":{"line":172,"column":6},"end":{"line":176,"column":7}},"70":{"start":{"line":173,"column":22},"end":{"line":173,"column":47}},"71":{"start":{"line":174,"column":8},"end":{"line":174,"column":44}},"72":{"start":{"line":175,"column":8},"end":{"line":175,"column":33}},"73":{"start":{"line":181,"column":4},"end":{"line":187,"column":7}},"74":{"start":{"line":182,"column":6},"end":{"line":186,"column":7}},"75":{"start":{"line":183,"column":22},"end":{"line":183,"column":45}},"76":{"start":{"line":184,"column":8},"end":{"line":184,"column":39}},"77":{"start":{"line":185,"column":8},"end":{"line":185,"column":33}},"78":{"start":{"line":191,"column":18},"end":{"line":191,"column":20}},"79":{"start":{"line":192,"column":4},"end":{"line":196,"column":7}},"80":{"start":{"line":193,"column":6},"end":{"line":195,"column":7}},"81":{"start":{"line":194,"column":8},"end":{"line":194,"column":40}},"82":{"start":{"line":197,"column":4},"end":{"line":197,"column":17}},"83":{"start":{"line":201,"column":18},"end":{"line":201,"column":20}},"84":{"start":{"line":202,"column":4},"end":{"line":204,"column":7}},"85":{"start":{"line":203,"column":6},"end":{"line":203,"column":40}},"86":{"start":{"line":205,"column":4},"end":{"line":205,"column":17}},"87":{"start":{"line":209,"column":4},"end":{"line":209,"column":28}},"88":{"start":{"line":213,"column":4},"end":{"line":213,"column":28}},"89":{"start":{"line":217,"column":4},"end":{"line":217,"column":29}},"90":{"start":{"line":221,"column":18},"end":{"line":221,"column":20}},"91":{"start":{"line":222,"column":4},"end":{"line":224,"column":7}},"92":{"start":{"line":223,"column":6},"end":{"line":223,"column":38}},"93":{"start":{"line":225,"column":4},"end":{"line":225,"column":17}},"94":{"start":{"line":229,"column":4},"end":{"line":229,"column":14}}},"fnMap":{"0":{"name":"(anonymous_0)","decl":{"start":{"line":27,"column":24},"end":{"line":27,"column":25}},"loc":{"start":{"line":27,"column":42},"end":{"line":29,"column":3}},"line":27},"1":{"name":"(anonymous_1)","decl":{"start":{"line":28,"column":33},"end":{"line":28,"column":34}},"loc":{"start":{"line":28,"column":53},"end":{"line":28,"column":74}},"line":28},"2":{"name":"(anonymous_2)","decl":{"start":{"line":32,"column":2},"end":{"line":32,"column":3}},"loc":{"start":{"line":32,"column":52},"end":{"line":36,"column":3}},"line":32},"3":{"name":"(anonymous_3)","decl":{"start":{"line":38,"column":2},"end":{"line":38,"column":3}},"loc":{"start":{"line":38,"column":40},"end":{"line":45,"column":3}},"line":38},"4":{"name":"(anonymous_4)","decl":{"start":{"line":40,"column":25},"end":{"line":40,"column":26}},"loc":{"start":{"line":40,"column":36},"end":{"line":42,"column":7}},"line":40},"5":{"name":"(anonymous_5)","decl":{"start":{"line":47,"column":2},"end":{"line":47,"column":3}},"loc":{"start":{"line":47,"column":43},"end":{"line":58,"column":3}},"line":47},"6":{"name":"(anonymous_6)","decl":{"start":{"line":49,"column":6},"end":{"line":49,"column":7}},"loc":{"start":{"line":49,"column":26},"end":{"line":49,"column":53}},"line":49},"7":{"name":"(anonymous_7)","decl":{"start":{"line":52,"column":25},"end":{"line":52,"column":26}},"loc":{"start":{"line":52,"column":36},"end":{"line":56,"column":7}},"line":52},"8":{"name":"(anonymous_8)","decl":{"start":{"line":54,"column":10},"end":{"line":54,"column":11}},"loc":{"start":{"line":54,"column":29},"end":{"line":54,"column":71}},"line":54},"9":{"name":"(anonymous_9)","decl":{"start":{"line":60,"column":2},"end":{"line":60,"column":3}},"loc":{"start":{"line":60,"column":39},"end":{"line":66,"column":3}},"line":60},"10":{"name":"(anonymous_10)","decl":{"start":{"line":68,"column":2},"end":{"line":68,"column":3}},"loc":{"start":{"line":68,"column":17},"end":{"line":79,"column":3}},"line":68},"11":{"name":"(anonymous_11)","decl":{"start":{"line":74,"column":19},"end":{"line":74,"column":20}},"loc":{"start":{"line":74,"column":25},"end":{"line":74,"column":29}},"line":74},"12":{"name":"(anonymous_12)","decl":{"start":{"line":81,"column":2},"end":{"line":81,"column":3}},"loc":{"start":{"line":81,"column":26},"end":{"line":87,"column":3}},"line":81},"13":{"name":"(anonymous_13)","decl":{"start":{"line":82,"column":10},"end":{"line":82,"column":11}},"loc":{"start":{"line":82,"column":16},"end":{"line":86,"column":5}},"line":82},"14":{"name":"(anonymous_14)","decl":{"start":{"line":83,"column":25},"end":{"line":83,"column":26}},"loc":{"start":{"line":83,"column":36},"end":{"line":85,"column":7}},"line":83},"15":{"name":"(anonymous_15)","decl":{"start":{"line":89,"column":2},"end":{"line":89,"column":3}},"loc":{"start":{"line":89,"column":32},"end":{"line":116,"column":3}},"line":89},"16":{"name":"(anonymous_16)","decl":{"start":{"line":95,"column":38},"end":{"line":95,"column":39}},"loc":{"start":{"line":95,"column":50},"end":{"line":95,"column":52}},"line":95},"17":{"name":"(anonymous_17)","decl":{"start":{"line":104,"column":19},"end":{"line":104,"column":20}},"loc":{"start":{"line":104,"column":25},"end":{"line":104,"column":29}},"line":104},"18":{"name":"(anonymous_18)","decl":{"start":{"line":118,"column":2},"end":{"line":118,"column":3}},"loc":{"start":{"line":118,"column":19},"end":{"line":128,"column":3}},"line":118},"19":{"name":"(anonymous_19)","decl":{"start":{"line":130,"column":11},"end":{"line":130,"column":12}},"loc":{"start":{"line":130,"column":23},"end":{"line":135,"column":3}},"line":130},"20":{"name":"(anonymous_20)","decl":{"start":{"line":137,"column":2},"end":{"line":137,"column":3}},"loc":{"start":{"line":137,"column":10},"end":{"line":146,"column":3}},"line":137},"21":{"name":"(anonymous_21)","decl":{"start":{"line":138,"column":23},"end":{"line":138,"column":24}},"loc":{"start":{"line":138,"column":34},"end":{"line":143,"column":5}},"line":138},"22":{"name":"(anonymous_22)","decl":{"start":{"line":148,"column":2},"end":{"line":148,"column":3}},"loc":{"start":{"line":148,"column":44},"end":{"line":156,"column":3}},"line":148},"23":{"name":"(anonymous_23)","decl":{"start":{"line":149,"column":15},"end":{"line":149,"column":16}},"loc":{"start":{"line":149,"column":21},"end":{"line":155,"column":5}},"line":149},"24":{"name":"(anonymous_24)","decl":{"start":{"line":158,"column":2},"end":{"line":158,"column":3}},"loc":{"start":{"line":158,"column":37},"end":{"line":160,"column":3}},"line":158},"25":{"name":"(anonymous_25)","decl":{"start":{"line":162,"column":2},"end":{"line":162,"column":3}},"loc":{"start":{"line":162,"column":45},"end":{"line":164,"column":3}},"line":162},"26":{"name":"(anonymous_26)","decl":{"start":{"line":166,"column":2},"end":{"line":166,"column":3}},"loc":{"start":{"line":166,"column":40},"end":{"line":168,"column":3}},"line":166},"27":{"name":"(anonymous_27)","decl":{"start":{"line":170,"column":2},"end":{"line":170,"column":3}},"loc":{"start":{"line":170,"column":47},"end":{"line":178,"column":3}},"line":170},"28":{"name":"(anonymous_28)","decl":{"start":{"line":171,"column":15},"end":{"line":171,"column":16}},"loc":{"start":{"line":171,"column":21},"end":{"line":177,"column":5}},"line":171},"29":{"name":"(anonymous_29)","decl":{"start":{"line":180,"column":2},"end":{"line":180,"column":3}},"loc":{"start":{"line":180,"column":41},"end":{"line":188,"column":3}},"line":180},"30":{"name":"(anonymous_30)","decl":{"start":{"line":181,"column":15},"end":{"line":181,"column":16}},"loc":{"start":{"line":181,"column":21},"end":{"line":187,"column":5}},"line":181},"31":{"name":"(anonymous_31)","decl":{"start":{"line":190,"column":2},"end":{"line":190,"column":3}},"loc":{"start":{"line":190,"column":38},"end":{"line":198,"column":3}},"line":190},"32":{"name":"(anonymous_32)","decl":{"start":{"line":192,"column":23},"end":{"line":192,"column":24}},"loc":{"start":{"line":192,"column":34},"end":{"line":196,"column":5}},"line":192},"33":{"name":"(anonymous_33)","decl":{"start":{"line":200,"column":2},"end":{"line":200,"column":3}},"loc":{"start":{"line":200,"column":40},"end":{"line":206,"column":3}},"line":200},"34":{"name":"(anonymous_34)","decl":{"start":{"line":202,"column":23},"end":{"line":202,"column":24}},"loc":{"start":{"line":202,"column":34},"end":{"line":204,"column":5}},"line":202},"35":{"name":"(anonymous_35)","decl":{"start":{"line":208,"column":2},"end":{"line":208,"column":3}},"loc":{"start":{"line":208,"column":15},"end":{"line":210,"column":3}},"line":208},"36":{"name":"(anonymous_36)","decl":{"start":{"line":212,"column":2},"end":{"line":212,"column":3}},"loc":{"start":{"line":212,"column":15},"end":{"line":214,"column":3}},"line":212},"37":{"name":"(anonymous_37)","decl":{"start":{"line":216,"column":2},"end":{"line":216,"column":3}},"loc":{"start":{"line":216,"column":16},"end":{"line":218,"column":3}},"line":216},"38":{"name":"(anonymous_38)","decl":{"start":{"line":220,"column":2},"end":{"line":220,"column":3}},"loc":{"start":{"line":220,"column":35},"end":{"line":226,"column":3}},"line":220},"39":{"name":"(anonymous_39)","decl":{"start":{"line":222,"column":23},"end":{"line":222,"column":24}},"loc":{"start":{"line":222,"column":34},"end":{"line":224,"column":5}},"line":222},"40":{"name":"(anonymous_40)","decl":{"start":{"line":228,"column":2},"end":{"line":228,"column":3}},"loc":{"start":{"line":228,"column":12},"end":{"line":230,"column":3}},"line":228}},"branchMap":{"0":{"loc":{"start":{"line":39,"column":4},"end":{"line":43,"column":5}},"type":"if","locations":[{"start":{"line":39,"column":4},"end":{"line":43,"column":5}},{"start":{},"end":{}}],"line":39},"1":{"loc":{"start":{"line":51,"column":4},"end":{"line":57,"column":5}},"type":"if","locations":[{"start":{"line":51,"column":4},"end":{"line":57,"column":5}},{"start":{},"end":{}}],"line":51},"2":{"loc":{"start":{"line":63,"column":4},"end":{"line":65,"column":5}},"type":"if","locations":[{"start":{"line":63,"column":4},"end":{"line":65,"column":5}},{"start":{},"end":{}}],"line":63},"3":{"loc":{"start":{"line":69,"column":4},"end":{"line":77,"column":5}},"type":"if","locations":[{"start":{"line":69,"column":4},"end":{"line":77,"column":5}},{"start":{},"end":{}}],"line":69},"4":{"loc":{"start":{"line":91,"column":26},"end":{"line":93,"column":5}},"type":"binary-expr","locations":[{"start":{"line":91,"column":26},"end":{"line":91,"column":46}},{"start":{"line":91,"column":50},"end":{"line":93,"column":5}}],"line":91},"5":{"loc":{"start":{"line":95,"column":20},"end":{"line":95,"column":52}},"type":"binary-expr","locations":[{"start":{"line":95,"column":20},"end":{"line":95,"column":34}},{"start":{"line":95,"column":38},"end":{"line":95,"column":52}}],"line":95},"6":{"loc":{"start":{"line":96,"column":22},"end":{"line":96,"column":44}},"type":"binary-expr","locations":[{"start":{"line":96,"column":22},"end":{"line":96,"column":38}},{"start":{"line":96,"column":42},"end":{"line":96,"column":44}}],"line":96},"7":{"loc":{"start":{"line":113,"column":4},"end":{"line":115,"column":5}},"type":"if","locations":[{"start":{"line":113,"column":4},"end":{"line":115,"column":5}},{"start":{},"end":{}}],"line":113},"8":{"loc":{"start":{"line":123,"column":6},"end":{"line":125,"column":7}},"type":"if","locations":[{"start":{"line":123,"column":6},"end":{"line":125,"column":7}},{"start":{},"end":{}}],"line":123},"9":{"loc":{"start":{"line":132,"column":4},"end":{"line":134,"column":5}},"type":"if","locations":[{"start":{"line":132,"column":4},"end":{"line":134,"column":5}},{"start":{},"end":{}}],"line":132},"10":{"loc":{"start":{"line":140,"column":8},"end":{"line":140,"column":72}},"type":"cond-expr","locations":[{"start":{"line":140,"column":40},"end":{"line":140,"column":67}},{"start":{"line":140,"column":70},"end":{"line":140,"column":72}}],"line":140},"11":{"loc":{"start":{"line":193,"column":6},"end":{"line":195,"column":7}},"type":"if","locations":[{"start":{"line":193,"column":6},"end":{"line":195,"column":7}},{"start":{},"end":{}}],"line":193}},"s":{"0":25,"1":25,"2":25,"3":25,"4":25,"5":25,"6":25,"7":0,"8":0,"9":25,"10":12,"11":31,"12":0,"13":0,"14":0,"15":0,"16":0,"17":0,"18":0,"19":0,"20":0,"21":0,"22":43,"23":43,"24":0,"25":37,"26":0,"27":0,"28":37,"29":1,"30":1,"31":3,"32":25,"33":25,"34":25,"35":25,"36":25,"37":25,"38":43,"39":25,"40":25,"41":13,"42":25,"43":1,"44":5,"45":5,"46":10,"47":10,"48":10,"49":4,"50":5,"51":25,"52":2,"53":2,"54":1,"55":1,"56":3,"57":3,"58":3,"59":1,"60":3,"61":3,"62":4,"63":4,"64":4,"65":0,"66":0,"67":0,"68":3,"69":3,"70":4,"71":4,"72":4,"73":3,"74":3,"75":6,"76":6,"77":6,"78":4,"79":4,"80":11,"81":6,"82":4,"83":3,"84":3,"85":7,"86":3,"87":1,"88":1,"89":1,"90":3,"91":3,"92":7,"93":3,"94":9},"f":{"0":0,"1":0,"2":12,"3":0,"4":0,"5":0,"6":0,"7":0,"8":0,"9":43,"10":37,"11":0,"12":1,"13":1,"14":3,"15":25,"16":0,"17":25,"18":5,"19":2,"20":1,"21":3,"22":3,"23":3,"24":0,"25":0,"26":0,"27":3,"28":3,"29":3,"30":3,"31":4,"32":11,"33":3,"34":7,"35":1,"36":1,"37":1,"38":3,"39":7,"40":9},"b":{"0":[0,0],"1":[0,0],"2":[0,43],"3":[0,37],"4":[25,9],"5":[25,24],"6":[25,0],"7":[1,24],"8":[4,6],"9":[1,1],"10":[3,0],"11":[6,5]},"_coverageSchema":"1a1c01bbd47fc00a2c39e90264f33305004495a9","hash":"aba98b66d5fc0c6d852def8ab63cb9593f590280"}
,"/Users/a.malyuta/projects/form/src/utils/index.ts": {"path":"/Users/a.malyuta/projects/form/src/utils/index.ts","statementMap":{"0":{"start":{"line":4,"column":2},"end":{"line":6,"column":5}},"1":{"start":{"line":5,"column":4},"end":{"line":5,"column":38}},"2":{"start":{"line":10,"column":2},"end":{"line":10,"column":30}}},"fnMap":{"0":{"name":"waitAsync","decl":{"start":{"line":3,"column":22},"end":{"line":3,"column":31}},"loc":{"start":{"line":3,"column":50},"end":{"line":7,"column":1}},"line":3},"1":{"name":"(anonymous_1)","decl":{"start":{"line":4,"column":21},"end":{"line":4,"column":22}},"loc":{"start":{"line":4,"column":34},"end":{"line":6,"column":3}},"line":4},"2":{"name":"batch","decl":{"start":{"line":9,"column":16},"end":{"line":9,"column":21}},"loc":{"start":{"line":9,"column":38},"end":{"line":11,"column":1}},"line":9}},"branchMap":{"0":{"loc":{"start":{"line":3,"column":32},"end":{"line":3,"column":48}},"type":"default-arg","locations":[{"start":{"line":3,"column":47},"end":{"line":3,"column":48}}],"line":3}},"s":{"0":5,"1":5,"2":62},"f":{"0":5,"1":5,"2":62},"b":{"0":[5]},"_coverageSchema":"1a1c01bbd47fc00a2c39e90264f33305004495a9","hash":"aa94e5cc1707224ce98bb2646279875bf622e541"}
,"/Users/a.malyuta/projects/form/src/utils/react-batched-updates.ts": {"path":"/Users/a.malyuta/projects/form/src/utils/react-batched-updates.ts","statementMap":{},"fnMap":{},"branchMap":{},"s":{},"f":{},"b":{},"_coverageSchema":"1a1c01bbd47fc00a2c39e90264f33305004495a9","hash":"0b59c693fcb6da8824f462a95fca470d46895715"}
}
