{"total": {"lines":{"total":155,"covered":129,"skipped":0,"pct":83.22},"statements":{"total":157,"covered":130,"skipped":0,"pct":82.8},"functions":{"total":62,"covered":46,"skipped":0,"pct":74.19},"branches":{"total":51,"covered":36,"skipped":0,"pct":70.58}}
,"/Users/a.malyuta/projects/form/src/field.ts": {"lines":{"total":45,"covered":38,"skipped":0,"pct":84.44},"functions":{"total":13,"covered":10,"skipped":0,"pct":76.92},"statements":{"total":46,"covered":39,"skipped":0,"pct":84.78},"branches":{"total":13,"covered":7,"skipped":0,"pct":53.84}}
,"/Users/a.malyuta/projects/form/src/form-proxy.ts": {"lines":{"total":13,"covered":11,"skipped":0,"pct":84.61},"functions":{"total":5,"covered":5,"skipped":0,"pct":100},"statements":{"total":13,"covered":11,"skipped":0,"pct":84.61},"branches":{"total":13,"covered":12,"skipped":0,"pct":92.3}}
,"/Users/a.malyuta/projects/form/src/form.ts": {"lines":{"total":94,"covered":77,"skipped":0,"pct":81.91},"functions":{"total":41,"covered":28,"skipped":0,"pct":68.29},"statements":{"total":95,"covered":77,"skipped":0,"pct":81.05},"branches":{"total":24,"covered":16,"skipped":0,"pct":66.66}}
,"/Users/a.malyuta/projects/form/src/utils/index.ts": {"lines":{"total":3,"covered":3,"skipped":0,"pct":100},"functions":{"total":3,"covered":3,"skipped":0,"pct":100},"statements":{"total":3,"covered":3,"skipped":0,"pct":100},"branches":{"total":1,"covered":1,"skipped":0,"pct":100}}
,"/Users/a.malyuta/projects/form/src/utils/react-batched-updates.ts": {"lines":{"total":0,"covered":0,"skipped":0,"pct":100},"functions":{"total":0,"covered":0,"skipped":0,"pct":100},"statements":{"total":0,"covered":0,"skipped":0,"pct":100},"branches":{"total":0,"covered":0,"skipped":0,"pct":100}}
}
