TN:
SF:src/field.ts
FN:14,(anonymous_0)
FN:34,(anonymous_1)
FN:39,(anonymous_2)
FN:44,(anonymous_3)
FN:49,(anonymous_4)
FN:64,(anonymous_5)
FN:72,(anonymous_6)
FN:80,(anonymous_7)
FN:89,(anonymous_8)
FN:93,(anonymous_9)
FN:109,(anonymous_10)
FN:110,(anonymous_11)
FN:111,(anonymous_12)
FNF:13
FNH:10
FNDA:49,(anonymous_0)
FNDA:20,(anonymous_1)
FNDA:6,(anonymous_2)
FNDA:8,(anonymous_3)
FNDA:19,(anonymous_4)
FNDA:3,(anonymous_5)
FNDA:3,(anonymous_6)
FNDA:0,(anonymous_7)
FNDA:0,(anonymous_8)
FNDA:0,(anonymous_9)
FNDA:52,(anonymous_10)
FNDA:52,(anonymous_11)
FNDA:12,(anonymous_12)
DA:7,49
DA:8,49
DA:9,49
DA:10,49
DA:11,49
DA:12,49
DA:27,49
DA:28,49
DA:29,49
DA:30,49
DA:31,49
DA:35,20
DA:36,20
DA:40,6
DA:41,6
DA:45,8
DA:46,8
DA:50,19
DA:51,19
DA:52,2
DA:54,17
DA:55,17
DA:56,8
DA:57,8
DA:59,9
DA:60,9
DA:64,49
DA:65,3
DA:67,3
DA:68,2
DA:72,49
DA:73,3
DA:75,3
DA:76,3
DA:80,49
DA:81,0
DA:89,49
DA:90,0
DA:94,0
DA:95,0
DA:96,0
DA:98,0
DA:102,0
DA:110,52
DA:111,52
LF:45
LH:38
BRDA:16,0,0,0
BRDA:17,1,0,48
BRDA:18,2,0,48
BRDA:51,3,0,2
BRDA:51,3,1,17
BRDA:67,4,0,2
BRDA:67,4,1,1
BRDA:75,5,0,3
BRDA:75,5,1,0
BRDA:98,6,0,0
BRDA:98,6,1,0
BRDA:99,7,0,0
BRDA:99,7,1,0
BRF:13
BRH:7
end_of_record
TN:
SF:src/form-proxy.ts
FN:3,createFormProxy
FN:4,checkAndThrow
FN:11,(anonymous_2)
FN:14,(anonymous_3)
FN:26,(anonymous_4)
FNF:5
FNH:5
FNDA:5,createFormProxy
FNDA:8,checkAndThrow
FNDA:8,(anonymous_2)
FNDA:5,(anonymous_3)
FNDA:3,(anonymous_4)
DA:5,8
DA:6,4
DA:10,5
DA:12,8
DA:13,5
DA:15,5
DA:16,4
DA:20,3
DA:25,3
DA:27,3
DA:28,3
DA:30,0
DA:34,0
LF:13
LH:11
BRDA:5,0,0,4
BRDA:5,0,1,4
BRDA:5,1,0,8
BRDA:5,1,1,8
BRDA:12,2,0,5
BRDA:12,2,1,3
BRDA:12,3,0,8
BRDA:12,3,1,3
BRDA:20,4,0,3
BRDA:20,4,1,0
BRDA:21,5,0,3
BRDA:21,5,1,2
BRDA:21,5,2,1
BRF:13
BRH:12
end_of_record
TN:
SF:src/form.ts
FN:27,(anonymous_0)
FN:28,(anonymous_1)
FN:32,(anonymous_2)
FN:38,(anonymous_3)
FN:40,(anonymous_4)
FN:47,(anonymous_5)
FN:49,(anonymous_6)
FN:52,(anonymous_7)
FN:54,(anonymous_8)
FN:60,(anonymous_9)
FN:68,(anonymous_10)
FN:74,(anonymous_11)
FN:81,(anonymous_12)
FN:82,(anonymous_13)
FN:83,(anonymous_14)
FN:89,(anonymous_15)
FN:95,(anonymous_16)
FN:104,(anonymous_17)
FN:118,(anonymous_18)
FN:130,(anonymous_19)
FN:137,(anonymous_20)
FN:138,(anonymous_21)
FN:148,(anonymous_22)
FN:149,(anonymous_23)
FN:158,(anonymous_24)
FN:162,(anonymous_25)
FN:166,(anonymous_26)
FN:170,(anonymous_27)
FN:171,(anonymous_28)
FN:180,(anonymous_29)
FN:181,(anonymous_30)
FN:190,(anonymous_31)
FN:192,(anonymous_32)
FN:200,(anonymous_33)
FN:202,(anonymous_34)
FN:208,(anonymous_35)
FN:212,(anonymous_36)
FN:216,(anonymous_37)
FN:220,(anonymous_38)
FN:222,(anonymous_39)
FN:228,(anonymous_40)
FNF:41
FNH:28
FNDA:0,(anonymous_0)
FNDA:0,(anonymous_1)
FNDA:12,(anonymous_2)
FNDA:0,(anonymous_3)
FNDA:0,(anonymous_4)
FNDA:0,(anonymous_5)
FNDA:0,(anonymous_6)
FNDA:0,(anonymous_7)
FNDA:0,(anonymous_8)
FNDA:43,(anonymous_9)
FNDA:37,(anonymous_10)
FNDA:0,(anonymous_11)
FNDA:1,(anonymous_12)
FNDA:1,(anonymous_13)
FNDA:3,(anonymous_14)
FNDA:25,(anonymous_15)
FNDA:0,(anonymous_16)
FNDA:25,(anonymous_17)
FNDA:5,(anonymous_18)
FNDA:2,(anonymous_19)
FNDA:1,(anonymous_20)
FNDA:3,(anonymous_21)
FNDA:3,(anonymous_22)
FNDA:3,(anonymous_23)
FNDA:0,(anonymous_24)
FNDA:0,(anonymous_25)
FNDA:0,(anonymous_26)
FNDA:3,(anonymous_27)
FNDA:3,(anonymous_28)
FNDA:3,(anonymous_29)
FNDA:3,(anonymous_30)
FNDA:4,(anonymous_31)
FNDA:11,(anonymous_32)
FNDA:3,(anonymous_33)
FNDA:7,(anonymous_34)
FNDA:1,(anonymous_35)
FNDA:1,(anonymous_36)
FNDA:1,(anonymous_37)
FNDA:3,(anonymous_38)
FNDA:7,(anonymous_39)
FNDA:9,(anonymous_40)
DA:18,25
DA:22,25
DA:23,25
DA:24,25
DA:25,25
DA:26,25
DA:27,25
DA:28,0
DA:30,25
DA:33,12
DA:34,31
DA:39,0
DA:40,0
DA:41,0
DA:44,0
DA:48,0
DA:49,0
DA:51,0
DA:52,0
DA:53,0
DA:54,0
DA:61,43
DA:63,43
DA:64,0
DA:69,37
DA:70,0
DA:74,0
DA:78,37
DA:82,1
DA:83,1
DA:84,3
DA:90,25
DA:91,25
DA:94,25
DA:95,25
DA:96,25
DA:98,25
DA:99,43
DA:104,25
DA:109,25
DA:110,13
DA:113,25
DA:114,1
DA:119,5
DA:120,5
DA:121,10
DA:122,10
DA:123,10
DA:124,4
DA:127,5
DA:130,25
DA:131,2
DA:132,2
DA:133,1
DA:138,1
DA:139,3
DA:141,3
DA:142,3
DA:145,1
DA:149,3
DA:150,3
DA:151,4
DA:152,4
DA:153,4
DA:159,0
DA:163,0
DA:167,0
DA:171,3
DA:172,3
DA:173,4
DA:174,4
DA:175,4
DA:181,3
DA:182,3
DA:183,6
DA:184,6
DA:185,6
DA:191,4
DA:192,4
DA:193,11
DA:194,6
DA:197,4
DA:201,3
DA:202,3
DA:203,7
DA:205,3
DA:209,1
DA:213,1
DA:217,1
DA:221,3
DA:222,3
DA:223,7
DA:225,3
DA:229,9
LF:94
LH:77
BRDA:39,0,0,0
BRDA:39,0,1,0
BRDA:51,1,0,0
BRDA:51,1,1,0
BRDA:63,2,0,0
BRDA:63,2,1,43
BRDA:69,3,0,0
BRDA:69,3,1,37
BRDA:91,4,0,25
BRDA:91,4,1,9
BRDA:95,5,0,25
BRDA:95,5,1,24
BRDA:96,6,0,25
BRDA:96,6,1,0
BRDA:113,7,0,1
BRDA:113,7,1,24
BRDA:123,8,0,4
BRDA:123,8,1,6
BRDA:132,9,0,1
BRDA:132,9,1,1
BRDA:140,10,0,3
BRDA:140,10,1,0
BRDA:193,11,0,6
BRDA:193,11,1,5
BRF:24
BRH:16
end_of_record
TN:
SF:src/utils/index.ts
FN:3,waitAsync
FN:4,(anonymous_1)
FN:9,batch
FNF:3
FNH:3
FNDA:5,waitAsync
FNDA:5,(anonymous_1)
FNDA:62,batch
DA:4,5
DA:5,5
DA:10,62
LF:3
LH:3
BRDA:3,0,0,5
BRF:1
BRH:1
end_of_record
TN:
SF:src/utils/react-batched-updates.ts
FNF:0
FNH:0
LF:0
LH:0
BRF:0
BRH:0
end_of_record
